1615981708743	mozrunner::runner	INFO	Running command: "/usr/bin/firefox" "-marionette" "-foreground" "-no-remote" "-profile" "/tmp/rust_mozprofileS50oCf"
Unable to init server: Broadway display type not supported: unixneeds-to-be-defined
Error: cannot open display: unixneeds-to-be-defined
1615981766990	mozrunner::runner	INFO	Running command: "/usr/bin/firefox" "-marionette" "-foreground" "-no-remote" "-profile" "/tmp/rust_mozprofilePCA3sU"
Unable to init server: Broadway display type not supported: unixneeds-to-be-defined
Error: cannot open display: unixneeds-to-be-defined
1615981781987	mozrunner::runner	INFO	Running command: "/usr/bin/firefox" "-marionette" "-foreground" "-no-remote" "-profile" "/tmp/rust_mozprofile2z0tC1"
Unable to init server: Broadway display type not supported: unixneeds-to-be-defined
Error: cannot open display: unixneeds-to-be-defined
1615981787188	mozrunner::runner	INFO	Running command: "/usr/bin/firefox" "-marionette" "-foreground" "-no-remote" "-profile" "/tmp/rust_mozprofileEz7IMi"
Unable to init server: Broadway display type not supported: unixneeds-to-be-defined
Error: cannot open display: unixneeds-to-be-defined
1615982221485	mozrunner::runner	INFO	Running command: "/usr/bin/firefox" "-marionette" "-foreground" "-no-remote" "-profile" "/tmp/rust_mozprofile8p4wIA"
Unable to init server: Broadway display type not supported: unixneeds-to-be-defined
Error: cannot open display: unixneeds-to-be-defined
1615982285457	mozrunner::runner	INFO	Running command: "/usr/bin/firefox" "-marionette" "-foreground" "-no-remote" "-profile" "/tmp/rust_mozprofile7gswX3"
Unable to init server: Broadway display type not supported: unixneeds-to-be-defined
Error: cannot open display: unixneeds-to-be-defined
1615982342679	mozrunner::runner	INFO	Running command: "/usr/bin/firefox" "-marionette" "-headless" "-foreground" "-no-remote" "-profile" "/tmp/rust_mozprofilelhQOGL"
*** You are running in headless mode.
[GFX1-]: glxtest: libpci missing
[GFX1-]: glxtest: Unable to open a connection to the X server
[GFX1-]: glxtest: libEGL initialize failed
[GFX1-]: No GPUs detected via PCI

(/usr/lib/firefox/firefox:1846): GLib-GObject-CRITICAL **: 11:59:04.234: g_object_set: assertion 'G_IS_OBJECT (object)' failed

(/usr/lib/firefox/firefox:1856): GLib-GObject-CRITICAL **: 11:59:04.323: g_object_set: assertion 'G_IS_OBJECT (object)' failed
console.warn: SearchSettings: "get: No settings file exists, new profile?" (new Error("", "(unknown module)"))
1615982346326	Marionette	INFO	Listening on port 42107

(/usr/lib/firefox/firefox:1919): GLib-GObject-CRITICAL **: 11:59:06.385: g_object_set: assertion 'G_IS_OBJECT (object)' failed

(/usr/lib/firefox/firefox:1920): GLib-GObject-CRITICAL **: 11:59:06.395: g_object_set: assertion 'G_IS_OBJECT (object)' failed
1615982346440	Marionette	WARN	TLS certificate errors will be ignored for this session
1615982366366	mozrunner::runner	INFO	Running command: "/usr/bin/firefox" "-marionette" "-headless" "-foreground" "-no-remote" "-profile" "/tmp/rust_mozprofilekf39r0"
*** You are running in headless mode.
[GFX1-]: glxtest: libpci missing
[GFX1-]: glxtest: Unable to open a connection to the X server
[GFX1-]: glxtest: libEGL initialize failed
[GFX1-]: No GPUs detected via PCI

(/usr/lib/firefox/firefox:2029): GLib-GObject-CRITICAL **: 11:59:28.145: g_object_set: assertion 'G_IS_OBJECT (object)' failed

(/usr/lib/firefox/firefox:2022): GLib-GObject-CRITICAL **: 11:59:28.147: g_object_set: assertion 'G_IS_OBJECT (object)' failed
console.warn: SearchSettings: "get: No settings file exists, new profile?" (new Error("", "(unknown module)"))

(/usr/lib/firefox/firefox:2091): GLib-GObject-CRITICAL **: 11:59:32.453: g_object_set: assertion 'G_IS_OBJECT (object)' failed
1615982377467	Marionette	INFO	Listening on port 39427
1615982377865	Marionette	WARN	TLS certificate errors will be ignored for this session
1615982440265	mozrunner::runner	INFO	Running command: "/usr/bin/firefox" "-marionette" "-headless" "-foreground" "-no-remote" "-profile" "/tmp/rust_mozprofilemZe4vP"
*** You are running in headless mode.
[GFX1-]: glxtest: libpci missing
[GFX1-]: glxtest: Unable to open a connection to the X server
[GFX1-]: glxtest: libEGL initialize failed
[GFX1-]: No GPUs detected via PCI

(/usr/lib/firefox/firefox:2200): GLib-GObject-CRITICAL **: 12:00:42.192: g_object_set: assertion 'G_IS_OBJECT (object)' failed

(/usr/lib/firefox/firefox:2218): GLib-GObject-CRITICAL **: 12:00:42.390: g_object_set: assertion 'G_IS_OBJECT (object)' failed
console.warn: SearchSettings: "get: No settings file exists, new profile?" (new Error("", "(unknown module)"))

(/usr/lib/firefox/firefox:2275): GLib-GObject-CRITICAL **: 12:00:44.416: g_object_set: assertion 'G_IS_OBJECT (object)' failed

(/usr/lib/firefox/firefox:2276): GLib-GObject-CRITICAL **: 12:00:44.442: g_object_set: assertion 'G_IS_OBJECT (object)' failed
1615982444481	Marionette	INFO	Listening on port 43669
1615982444630	Marionette	WARN	TLS certificate errors will be ignored for this session
1615982548252	mozrunner::runner	INFO	Running command: "/usr/bin/firefox" "-marionette" "-headless" "-foreground" "-no-remote" "-profile" "/tmp/rust_mozprofileL1Wvdh"
*** You are running in headless mode.
[GFX1-]: glxtest: libpci missing
[GFX1-]: glxtest: Unable to open a connection to the X server
[GFX1-]: glxtest: libEGL initialize failed
[GFX1-]: No GPUs detected via PCI

(/usr/lib/firefox/firefox:2398): GLib-GObject-CRITICAL **: 12:02:29.885: g_object_set: assertion 'G_IS_OBJECT (object)' failed

(/usr/lib/firefox/firefox:2413): GLib-GObject-CRITICAL **: 12:02:29.995: g_object_set: assertion 'G_IS_OBJECT (object)' failed
console.warn: SearchSettings: "get: No settings file exists, new profile?" (new Error("", "(unknown module)"))
1615982552074	Marionette	INFO	Listening on port 43405
1615982552274	Marionette	WARN	TLS certificate errors will be ignored for this session

(/usr/lib/firefox/firefox:2474): GLib-GObject-CRITICAL **: 12:02:32.667: g_object_set: assertion 'G_IS_OBJECT (object)' failed
1615982587096	mozrunner::runner	INFO	Running command: "/usr/bin/firefox" "-marionette" "-headless" "-foreground" "-no-remote" "-profile" "/tmp/rust_mozprofileUGuYZB"
*** You are running in headless mode.
Exception ignored in: <_io.TextIOWrapper name='<stdout>' mode='w' encoding='UTF-8'>
BrokenPipeError: [Errno 32] Broken pipe
1615982674875	mozrunner::runner	INFO	Running command: "/usr/bin/firefox" "-marionette" "-headless" "-foreground" "-no-remote" "-profile" "/tmp/rust_mozprofileQ5FkqG"
*** You are running in headless mode.
[GFX1-]: glxtest: libpci missing
[GFX1-]: glxtest: Unable to open a connection to the X server
[GFX1-]: glxtest: libEGL initialize failed
[GFX1-]: No GPUs detected via PCI
console.log: WebExtensions: reset-default-search: No addons in our list are installed.
1615982852481	mozrunner::runner	INFO	Running command: "/usr/bin/firefox" "-marionette" "-headless" "-foreground" "-no-remote" "-profile" "/tmp/rust_mozprofile3P0WIT"
*** You are running in headless mode.
[GFX1-]: glxtest: libpci missing
[GFX1-]: glxtest: Unable to open a connection to the X server
[GFX1-]: glxtest: libEGL initialize failed
[GFX1-]: No GPUs detected via PCI
1615982938915	mozrunner::runner	INFO	Running command: "/usr/bin/firefox" "-marionette" "-headless" "-foreground" "-no-remote" "-profile" "/tmp/rust_mozprofileC48sja"
*** You are running in headless mode.
console.log: WebExtensions: reset-default-search: No addons in our list are installed.
[GFX1-]: glxtest: libpci missing
[GFX1-]: glxtest: Unable to open a connection to the X server
[GFX1-]: glxtest: libEGL initialize failed
[GFX1-]: No GPUs detected via PCI
1615982956222	mozrunner::runner	INFO	Running command: "/usr/bin/firefox" "-marionette" "-headless" "-foreground" "-no-remote" "-profile" "/tmp/rust_mozprofilec78dFH"
*** You are running in headless mode.
[GFX1-]: glxtest: libpci missing
[GFX1-]: glxtest: Unable to open a connection to the X server
[GFX1-]: glxtest: libEGL initialize failed
[GFX1-]: No GPUs detected via PCI

(/usr/lib/firefox/firefox:2806): GLib-GObject-CRITICAL **: 12:09:18.931: g_object_set: assertion 'G_IS_OBJECT (object)' failed

(/usr/lib/firefox/firefox:2824): GLib-GObject-CRITICAL **: 12:09:19.207: g_object_set: assertion 'G_IS_OBJECT (object)' failed
console.warn: SearchSettings: "get: No settings file exists, new profile?" (new Error("", "(unknown module)"))

(/usr/lib/firefox/firefox:2885): GLib-GObject-CRITICAL **: 12:09:21.690: g_object_set: assertion 'G_IS_OBJECT (object)' failed
1615982961737	Marionette	INFO	Listening on port 42841
1615982961827	Marionette	WARN	TLS certificate errors will be ignored for this session
1615982988642	mozrunner::runner	INFO	Running command: "/usr/bin/firefox" "-marionette" "-headless" "-foreground" "-no-remote" "-profile" "/tmp/rust_mozprofilehkge6j"
*** You are running in headless mode.
[GFX1-]: glxtest: libpci missing
[GFX1-]: glxtest: Unable to open a connection to the X server
[GFX1-]: glxtest: libEGL initialize failed
[GFX1-]: No GPUs detected via PCI

(/usr/lib/firefox/firefox:2965): GLib-GObject-CRITICAL **: 12:09:50.582: g_object_set: assertion 'G_IS_OBJECT (object)' failed

(/usr/lib/firefox/firefox:2975): GLib-GObject-CRITICAL **: 12:09:50.709: g_object_set: assertion 'G_IS_OBJECT (object)' failed
console.warn: SearchSettings: "get: No settings file exists, new profile?" (new Error("", "(unknown module)"))
1615982993026	Marionette	INFO	Listening on port 45949

(/usr/lib/firefox/firefox:3046): GLib-GObject-CRITICAL **: 12:09:53.288: g_object_set: assertion 'G_IS_OBJECT (object)' failed
1615982993308	Marionette	WARN	TLS certificate errors will be ignored for this session
1615983103938	mozrunner::runner	INFO	Running command: "/usr/bin/firefox" "-marionette" "-headless" "-foreground" "-no-remote" "-profile" "/tmp/rust_mozprofileha0F1j"
*** You are running in headless mode.
[GFX1-]: glxtest: libpci missing
[GFX1-]: glxtest: Unable to open a connection to the X server
[GFX1-]: glxtest: libEGL initialize failed
[GFX1-]: No GPUs detected via PCI

(/usr/lib/firefox/firefox:3154): GLib-GObject-CRITICAL **: 12:11:48.355: g_object_set: assertion 'G_IS_OBJECT (object)' failed

(/usr/lib/firefox/firefox:3173): GLib-GObject-CRITICAL **: 12:11:51.970: g_object_set: assertion 'G_IS_OBJECT (object)' failed
Exiting due to channel error.
Exiting due to channel error.
console.log: WebExtensions: reset-default-search: No addons in our list are installed.
console.log: WebExtensions: reset-default-search: No addons in our list are installed.
1615983790570	mozrunner::runner	INFO	Running command: "/usr/bin/firefox" "-marionette" "-headless" "-foreground" "-no-remote" "-profile" "/tmp/rust_mozprofileazQkf5"
*** You are running in headless mode.
[GFX1-]: glxtest: libpci missing
[GFX1-]: glxtest: Unable to open a connection to the X server
[GFX1-]: glxtest: libEGL initialize failed
[GFX1-]: No GPUs detected via PCI

(/usr/lib/firefox/firefox:3329): GLib-GObject-CRITICAL **: 12:23:25.899: g_object_set: assertion 'G_IS_OBJECT (object)' failed
Exiting due to channel error.

###!!! [Child][MessageChannel] Error: (msgtype=0xFFF7,name=<unknown IPC msg name>) Channel error: cannot send/recv

1615984720854	mozrunner::runner	INFO	Running command: "/usr/bin/firefox" "-marionette" "-headless" "-foreground" "-no-remote" "-profile" "/tmp/rust_mozprofilejgks78"
*** You are running in headless mode.
[GFX1-]: glxtest: libpci missing
[GFX1-]: glxtest: Unable to open a connection to the X server
[GFX1-]: glxtest: libEGL initialize failed
[GFX1-]: No GPUs detected via PCI

(/usr/lib/firefox/firefox:1505): GLib-GObject-CRITICAL **: 12:38:45.362: g_object_set: assertion 'G_IS_OBJECT (object)' failed

(/usr/lib/firefox/firefox:1530): GLib-GObject-CRITICAL **: 12:38:46.007: g_object_set: assertion 'G_IS_OBJECT (object)' failed
console.warn: SearchSettings: "get: No settings file exists, new profile?" (new Error("", "(unknown module)"))

(/usr/lib/firefox/firefox:1598): GLib-GObject-CRITICAL **: 12:38:47.831: g_object_set: assertion 'G_IS_OBJECT (object)' failed
1615984728076	Marionette	INFO	Listening on port 42341
1615984728202	Marionette	WARN	TLS certificate errors will be ignored for this session
1615984731875	mozrunner::runner	INFO	Running command: "/usr/bin/firefox" "-marionette" "-headless" "-foreground" "-no-remote" "-profile" "/tmp/rust_mozprofileFQa31q"
*** You are running in headless mode.
[GFX1-]: glxtest: libpci missing
[GFX1-]: glxtest: Unable to open a connection to the X server
[GFX1-]: glxtest: libEGL initialize failed
[GFX1-]: No GPUs detected via PCI

(/usr/lib/firefox/firefox:1723): GLib-GObject-CRITICAL **: 12:38:53.388: g_object_set: assertion 'G_IS_OBJECT (object)' failed

(/usr/lib/firefox/firefox:1741): GLib-GObject-CRITICAL **: 12:38:53.591: g_object_set: assertion 'G_IS_OBJECT (object)' failed
console.warn: SearchSettings: "get: No settings file exists, new profile?" (new Error("", "(unknown module)"))
1615984735619	Marionette	INFO	Listening on port 37769

(/usr/lib/firefox/firefox:1818): GLib-GObject-CRITICAL **: 12:38:55.718: g_object_set: assertion 'G_IS_OBJECT (object)' failed

(/usr/lib/firefox/firefox:1819): GLib-GObject-CRITICAL **: 12:38:55.730: g_object_set: assertion 'G_IS_OBJECT (object)' failed
1615984735803	Marionette	WARN	TLS certificate errors will be ignored for this session
JavaScript error: https://cdn.cookielaw.org/scripttemplates/6.12.0/otBannerSdk.js, line 7: TypeError: s is undefined
console.log: WebExtensions: reset-default-search: No addons in our list are installed.
